2025-04-17T07:52:41.958+05:30  INFO 6236 --- [Event] [restartedMain] com.college.EventApplication             : Starting EventApplication using Java 17.0.12 with PID 6236 (C:\Users\Pallavi\Desktop\all vs code\Event\target\classes started by Pallavi in C:\Users\Pallavi\Desktop\all vs code\Event)
2025-04-17T07:52:41.966+05:30  INFO 6236 --- [Event] [restartedMain] com.college.EventApplication             : No active profile set, falling back to 1 default profile: "default"
2025-04-17T07:52:42.024+05:30  INFO 6236 --- [Event] [restartedMain] .e.DevToolsPropertyDefaultsPostProcessor : Devtools property defaults active! Set 'spring.devtools.add-properties' to 'false' to disable
2025-04-17T07:52:42.024+05:30  INFO 6236 --- [Event] [restartedMain] .e.DevToolsPropertyDefaultsPostProcessor : For additional web related logging consider setting the 'logging.level.web' property to 'DEBUG'
2025-04-17T07:52:42.922+05:30  INFO 6236 --- [Event] [restartedMain] .s.d.r.c.RepositoryConfigurationDelegate : Multiple Spring Data modules found, entering strict repository configuration mode
2025-04-17T07:52:42.922+05:30  INFO 6236 --- [Event] [restartedMain] .s.d.r.c.RepositoryConfigurationDelegate : Bootstrapping Spring Data JDBC repositories in DEFAULT mode.
2025-04-17T07:52:42.964+05:30  INFO 6236 --- [Event] [restartedMain] .RepositoryConfigurationExtensionSupport : Spring Data JDBC - Could not safely identify store assignment for repository candidate interface com.college.repository.CategoryRepository; If you want this repository to be a JDBC repository, consider annotating your entities with one of these annotations: org.springframework.data.relational.core.mapping.Table.
2025-04-17T07:52:42.964+05:30  INFO 6236 --- [Event] [restartedMain] .RepositoryConfigurationExtensionSupport : Spring Data JDBC - Could not safely identify store assignment for repository candidate interface com.college.repository.EventFeedbackRepository; If you want this repository to be a JDBC repository, consider annotating your entities with one of these annotations: org.springframework.data.relational.core.mapping.Table.
2025-04-17T07:52:42.973+05:30  INFO 6236 --- [Event] [restartedMain] .RepositoryConfigurationExtensionSupport : Spring Data JDBC - Could not safely identify store assignment for repository candidate interface com.college.repository.EventRegistrationRepository; If you want this repository to be a JDBC repository, consider annotating your entities with one of these annotations: org.springframework.data.relational.core.mapping.Table.
2025-04-17T07:52:42.973+05:30  INFO 6236 --- [Event] [restartedMain] .RepositoryConfigurationExtensionSupport : Spring Data JDBC - Could not safely identify store assignment for repository candidate interface com.college.repository.EventRepository; If you want this repository to be a JDBC repository, consider annotating your entities with one of these annotations: org.springframework.data.relational.core.mapping.Table.
2025-04-17T07:52:42.977+05:30  INFO 6236 --- [Event] [restartedMain] .RepositoryConfigurationExtensionSupport : Spring Data JDBC - Could not safely identify store assignment for repository candidate interface com.college.repository.SponsorRepository; If you want this repository to be a JDBC repository, consider annotating your entities with one of these annotations: org.springframework.data.relational.core.mapping.Table.
2025-04-17T07:52:42.979+05:30  INFO 6236 --- [Event] [restartedMain] .RepositoryConfigurationExtensionSupport : Spring Data JDBC - Could not safely identify store assignment for repository candidate interface com.college.repository.VenueRepository; If you want this repository to be a JDBC repository, consider annotating your entities with one of these annotations: org.springframework.data.relational.core.mapping.Table.
2025-04-17T07:52:42.980+05:30  INFO 6236 --- [Event] [restartedMain] .s.d.r.c.RepositoryConfigurationDelegate : Finished Spring Data repository scanning in 42 ms. Found 0 JDBC repository interfaces.
2025-04-17T07:52:42.993+05:30  INFO 6236 --- [Event] [restartedMain] .s.d.r.c.RepositoryConfigurationDelegate : Multiple Spring Data modules found, entering strict repository configuration mode
2025-04-17T07:52:42.993+05:30  INFO 6236 --- [Event] [restartedMain] .s.d.r.c.RepositoryConfigurationDelegate : Bootstrapping Spring Data JPA repositories in DEFAULT mode.
2025-04-17T07:52:43.023+05:30  INFO 6236 --- [Event] [restartedMain] .s.d.r.c.RepositoryConfigurationDelegate : Finished Spring Data repository scanning in 28 ms. Found 6 JPA repository interfaces.
2025-04-17T07:52:43.753+05:30  INFO 6236 --- [Event] [restartedMain] o.s.b.w.embedded.tomcat.TomcatWebServer  : Tomcat initialized with port 8080 (http)
2025-04-17T07:52:43.761+05:30  INFO 6236 --- [Event] [restartedMain] o.apache.catalina.core.StandardService   : Starting service [Tomcat]
2025-04-17T07:52:43.761+05:30  INFO 6236 --- [Event] [restartedMain] o.apache.catalina.core.StandardEngine    : Starting Servlet engine: [Apache Tomcat/10.1.39]
2025-04-17T07:52:43.819+05:30  INFO 6236 --- [Event] [restartedMain] o.a.c.c.C.[Tomcat].[localhost].[/]       : Initializing Spring embedded WebApplicationContext
2025-04-17T07:52:43.820+05:30  INFO 6236 --- [Event] [restartedMain] w.s.c.ServletWebServerApplicationContext : Root WebApplicationContext: initialization completed in 1795 ms
2025-04-17T07:52:44.133+05:30  INFO 6236 --- [Event] [restartedMain] o.hibernate.jpa.internal.util.LogHelper  : HHH000204: Processing PersistenceUnitInfo [name: default]
2025-04-17T07:52:44.368+05:30  INFO 6236 --- [Event] [restartedMain] org.hibernate.Version                    : HHH000412: Hibernate ORM core version 6.5.3.Final
2025-04-17T07:52:44.457+05:30  INFO 6236 --- [Event] [restartedMain] o.h.c.internal.RegionFactoryInitiator    : HHH000026: Second-level cache disabled
2025-04-17T07:52:44.857+05:30  INFO 6236 --- [Event] [restartedMain] o.s.o.j.p.SpringPersistenceUnitInfo      : No LoadTimeWeaver setup: ignoring JPA class transformer
2025-04-17T07:52:44.883+05:30  INFO 6236 --- [Event] [restartedMain] com.zaxxer.hikari.HikariDataSource       : HikariPool-1 - Starting...
2025-04-17T07:52:45.068+05:30  INFO 6236 --- [Event] [restartedMain] com.zaxxer.hikari.pool.HikariPool        : HikariPool-1 - Added connection org.postgresql.jdbc.PgConnection@5df6a948
2025-04-17T07:52:45.083+05:30  INFO 6236 --- [Event] [restartedMain] com.zaxxer.hikari.HikariDataSource       : HikariPool-1 - Start completed.
2025-04-17T07:52:45.132+05:30  WARN 6236 --- [Event] [restartedMain] org.hibernate.orm.deprecation            : HHH90000025: PostgreSQLDialect does not need to be specified explicitly using 'hibernate.dialect' (remove the property setting and it will be selected by default)
2025-04-17T07:52:45.874+05:30  INFO 6236 --- [Event] [restartedMain] o.h.e.t.j.p.i.JtaPlatformInitiator       : HHH000489: No JTA platform available (set 'hibernate.transaction.jta.platform' to enable JTA platform integration)
2025-04-17T07:52:46.061+05:30  INFO 6236 --- [Event] [restartedMain] j.LocalContainerEntityManagerFactoryBean : Initialized JPA EntityManagerFactory for persistence unit 'default'
2025-04-17T07:52:46.744+05:30  WARN 6236 --- [Event] [restartedMain] JpaBaseConfiguration$JpaWebConfiguration : spring.jpa.open-in-view is enabled by default. Therefore, database queries may be performed during view rendering. Explicitly configure spring.jpa.open-in-view to disable this warning
2025-04-17T07:52:46.811+05:30  WARN 6236 --- [Event] [restartedMain] .s.s.UserDetailsServiceAutoConfiguration : 

Using generated security password: 797aac41-72a9-4966-99c3-84b665098748

This generated password is for development use only. Your security configuration must be updated before running your application in production.

2025-04-17T07:52:46.837+05:30  INFO 6236 --- [Event] [restartedMain] r$InitializeUserDetailsManagerConfigurer : Global AuthenticationManager configured with UserDetailsService bean with name inMemoryUserDetailsManager
2025-04-17T07:52:47.654+05:30  INFO 6236 --- [Event] [restartedMain] o.s.b.d.a.OptionalLiveReloadServer       : LiveReload server is running on port 35729
2025-04-17T07:52:47.693+05:30  INFO 6236 --- [Event] [restartedMain] o.s.b.w.embedded.tomcat.TomcatWebServer  : Tomcat started on port 8080 (http) with context path '/'
2025-04-17T07:52:47.702+05:30  INFO 6236 --- [Event] [restartedMain] com.college.EventApplication             : Started EventApplication in 6.081 seconds (process running for 6.43)
2025-04-17T07:53:46.801+05:30  INFO 6236 --- [Event] [http-nio-8080-exec-1] o.a.c.c.C.[Tomcat].[localhost].[/]       : Initializing Spring DispatcherServlet 'dispatcherServlet'
2025-04-17T07:53:46.802+05:30  INFO 6236 --- [Event] [http-nio-8080-exec-1] o.s.web.servlet.DispatcherServlet        : Initializing Servlet 'dispatcherServlet'
2025-04-17T07:53:46.804+05:30  INFO 6236 --- [Event] [http-nio-8080-exec-1] o.s.web.servlet.DispatcherServlet        : Completed initialization in 2 ms
2025-04-17T13:01:47.199+05:30  INFO 21808 --- [Event] [restartedMain] com.college.EventApplication             : Starting EventApplication using Java 17.0.12 with PID 21808 (C:\Users\Pallavi\Desktop\all vs code\Event\target\classes started by Pallavi in C:\Users\Pallavi\Desktop\all vs code\Event)
2025-04-17T13:01:47.199+05:30  INFO 21808 --- [Event] [restartedMain] com.college.EventApplication             : No active profile set, falling back to 1 default profile: "default"
2025-04-17T13:01:47.241+05:30  INFO 21808 --- [Event] [restartedMain] .e.DevToolsPropertyDefaultsPostProcessor : Devtools property defaults active! Set 'spring.devtools.add-properties' to 'false' to disable
2025-04-17T13:01:47.241+05:30  INFO 21808 --- [Event] [restartedMain] .e.DevToolsPropertyDefaultsPostProcessor : For additional web related logging consider setting the 'logging.level.web' property to 'DEBUG'
2025-04-17T13:01:47.830+05:30  INFO 21808 --- [Event] [restartedMain] .s.d.r.c.RepositoryConfigurationDelegate : Multiple Spring Data modules found, entering strict repository configuration mode
2025-04-17T13:01:47.830+05:30  INFO 21808 --- [Event] [restartedMain] .s.d.r.c.RepositoryConfigurationDelegate : Bootstrapping Spring Data JDBC repositories in DEFAULT mode.
2025-04-17T13:01:47.864+05:30  INFO 21808 --- [Event] [restartedMain] .RepositoryConfigurationExtensionSupport : Spring Data JDBC - Could not safely identify store assignment for repository candidate interface com.college.repository.CategoryRepository; If you want this repository to be a JDBC repository, consider annotating your entities with one of these annotations: org.springframework.data.relational.core.mapping.Table.
2025-04-17T13:01:47.864+05:30  INFO 21808 --- [Event] [restartedMain] .RepositoryConfigurationExtensionSupport : Spring Data JDBC - Could not safely identify store assignment for repository candidate interface com.college.repository.EventFeedbackRepository; If you want this repository to be a JDBC repository, consider annotating your entities with one of these annotations: org.springframework.data.relational.core.mapping.Table.
2025-04-17T13:01:47.871+05:30  INFO 21808 --- [Event] [restartedMain] .RepositoryConfigurationExtensionSupport : Spring Data JDBC - Could not safely identify store assignment for repository candidate interface com.college.repository.EventRegistrationRepository; If you want this repository to be a JDBC repository, consider annotating your entities with one of these annotations: org.springframework.data.relational.core.mapping.Table.
2025-04-17T13:01:47.873+05:30  INFO 21808 --- [Event] [restartedMain] .RepositoryConfigurationExtensionSupport : Spring Data JDBC - Could not safely identify store assignment for repository candidate interface com.college.repository.EventRepository; If you want this repository to be a JDBC repository, consider annotating your entities with one of these annotations: org.springframework.data.relational.core.mapping.Table.
2025-04-17T13:01:47.876+05:30  INFO 21808 --- [Event] [restartedMain] .RepositoryConfigurationExtensionSupport : Spring Data JDBC - Could not safely identify store assignment for repository candidate interface com.college.repository.SponsorRepository; If you want this repository to be a JDBC repository, consider annotating your entities with one of these annotations: org.springframework.data.relational.core.mapping.Table.
2025-04-17T13:01:47.876+05:30  INFO 21808 --- [Event] [restartedMain] .RepositoryConfigurationExtensionSupport : Spring Data JDBC - Could not safely identify store assignment for repository candidate interface com.college.repository.VenueRepository; If you want this repository to be a JDBC repository, consider annotating your entities with one of these annotations: org.springframework.data.relational.core.mapping.Table.
2025-04-17T13:01:47.876+05:30  INFO 21808 --- [Event] [restartedMain] .s.d.r.c.RepositoryConfigurationDelegate : Finished Spring Data repository scanning in 38 ms. Found 0 JDBC repository interfaces.
2025-04-17T13:01:47.889+05:30  INFO 21808 --- [Event] [restartedMain] .s.d.r.c.RepositoryConfigurationDelegate : Multiple Spring Data modules found, entering strict repository configuration mode
2025-04-17T13:01:47.889+05:30  INFO 21808 --- [Event] [restartedMain] .s.d.r.c.RepositoryConfigurationDelegate : Bootstrapping Spring Data JPA repositories in DEFAULT mode.
2025-04-17T13:01:47.922+05:30  INFO 21808 --- [Event] [restartedMain] .s.d.r.c.RepositoryConfigurationDelegate : Finished Spring Data repository scanning in 30 ms. Found 6 JPA repository interfaces.
2025-04-17T13:01:48.391+05:30  INFO 21808 --- [Event] [restartedMain] o.s.b.w.embedded.tomcat.TomcatWebServer  : Tomcat initialized with port 8080 (http)
2025-04-17T13:01:48.411+05:30  INFO 21808 --- [Event] [restartedMain] o.apache.catalina.core.StandardService   : Starting service [Tomcat]
2025-04-17T13:01:48.412+05:30  INFO 21808 --- [Event] [restartedMain] o.apache.catalina.core.StandardEngine    : Starting Servlet engine: [Apache Tomcat/10.1.39]
2025-04-17T13:01:48.470+05:30  INFO 21808 --- [Event] [restartedMain] o.a.c.c.C.[Tomcat].[localhost].[/]       : Initializing Spring embedded WebApplicationContext
2025-04-17T13:01:48.470+05:30  INFO 21808 --- [Event] [restartedMain] w.s.c.ServletWebServerApplicationContext : Root WebApplicationContext: initialization completed in 1229 ms
2025-04-17T13:01:48.597+05:30  INFO 21808 --- [Event] [restartedMain] o.hibernate.jpa.internal.util.LogHelper  : HHH000204: Processing PersistenceUnitInfo [name: default]
2025-04-17T13:01:48.646+05:30  INFO 21808 --- [Event] [restartedMain] org.hibernate.Version                    : HHH000412: Hibernate ORM core version 6.5.3.Final
2025-04-17T13:01:48.668+05:30  INFO 21808 --- [Event] [restartedMain] o.h.c.internal.RegionFactoryInitiator    : HHH000026: Second-level cache disabled
2025-04-17T13:01:48.887+05:30  INFO 21808 --- [Event] [restartedMain] o.s.o.j.p.SpringPersistenceUnitInfo      : No LoadTimeWeaver setup: ignoring JPA class transformer
2025-04-17T13:01:48.911+05:30  INFO 21808 --- [Event] [restartedMain] com.zaxxer.hikari.HikariDataSource       : HikariPool-1 - Starting...
2025-04-17T13:01:49.052+05:30  INFO 21808 --- [Event] [restartedMain] com.zaxxer.hikari.pool.HikariPool        : HikariPool-1 - Added connection org.postgresql.jdbc.PgConnection@10261d7e
2025-04-17T13:01:49.052+05:30  INFO 21808 --- [Event] [restartedMain] com.zaxxer.hikari.HikariDataSource       : HikariPool-1 - Start completed.
2025-04-17T13:01:49.094+05:30  WARN 21808 --- [Event] [restartedMain] org.hibernate.orm.deprecation            : HHH90000025: PostgreSQLDialect does not need to be specified explicitly using 'hibernate.dialect' (remove the property setting and it will be selected by default)
2025-04-17T13:01:49.768+05:30  INFO 21808 --- [Event] [restartedMain] o.h.e.t.j.p.i.JtaPlatformInitiator       : HHH000489: No JTA platform available (set 'hibernate.transaction.jta.platform' to enable JTA platform integration)
2025-04-17T13:01:49.943+05:30  INFO 21808 --- [Event] [restartedMain] j.LocalContainerEntityManagerFactoryBean : Initialized JPA EntityManagerFactory for persistence unit 'default'
2025-04-17T13:01:50.251+05:30  WARN 21808 --- [Event] [restartedMain] JpaBaseConfiguration$JpaWebConfiguration : spring.jpa.open-in-view is enabled by default. Therefore, database queries may be performed during view rendering. Explicitly configure spring.jpa.open-in-view to disable this warning
2025-04-17T13:01:50.284+05:30  WARN 21808 --- [Event] [restartedMain] .s.s.UserDetailsServiceAutoConfiguration : 

Using generated security password: 8f2e6065-94fb-48fa-8272-3fcdffbf45ba

This generated password is for development use only. Your security configuration must be updated before running your application in production.

2025-04-17T13:01:50.296+05:30  INFO 21808 --- [Event] [restartedMain] r$InitializeUserDetailsManagerConfigurer : Global AuthenticationManager configured with UserDetailsService bean with name inMemoryUserDetailsManager
2025-04-17T13:01:50.774+05:30  INFO 21808 --- [Event] [restartedMain] o.s.b.d.a.OptionalLiveReloadServer       : LiveReload server is running on port 35729
2025-04-17T13:01:50.800+05:30  INFO 21808 --- [Event] [restartedMain] o.s.b.w.embedded.tomcat.TomcatWebServer  : Tomcat started on port 8080 (http) with context path '/'
2025-04-17T13:01:50.806+05:30  INFO 21808 --- [Event] [restartedMain] com.college.EventApplication             : Started EventApplication in 3.919 seconds (process running for 4.231)
2025-04-17T13:01:57.047+05:30  INFO 21808 --- [Event] [SpringApplicationShutdownHook] j.LocalContainerEntityManagerFactoryBean : Closing JPA EntityManagerFactory for persistence unit 'default'
2025-04-17T13:01:57.068+05:30  INFO 21808 --- [Event] [SpringApplicationShutdownHook] com.zaxxer.hikari.HikariDataSource       : HikariPool-1 - Shutdown initiated...
2025-04-17T13:01:57.072+05:30  INFO 21808 --- [Event] [SpringApplicationShutdownHook] com.zaxxer.hikari.HikariDataSource       : HikariPool-1 - Shutdown completed.
